<?xml version="1.0" encoding="UTF-8"?>
<testng-results ignored="3" total="7" passed="4" failed="0" skipped="0">
  <reporter-output>
  </reporter-output>
  <suite started-at="2025-03-11T14:16:48 IST" name="Default suite" finished-at="2025-03-11T14:17:14 IST" duration-ms="25635">
    <groups>
    </groups>
    <test started-at="2025-03-11T14:16:48 IST" name="Default test" finished-at="2025-03-11T14:17:14 IST" duration-ms="25635">
      <class name="com.appium.taining.ecommerce.EcommerceTest">
        <test-method is-config="true" signature="startServer()[pri:0, instance:com.appium.taining.ecommerce.EcommerceTest@22fcf7ab]" started-at="2025-03-11T14:16:39 IST" name="startServer" finished-at="2025-03-11T14:16:48 IST" duration-ms="8916" status="PASS">
          <reporter-output>
          </reporter-output>
        </test-method> <!-- startServer -->
        <test-method signature="fillForm()[pri:0, instance:com.appium.taining.ecommerce.EcommerceTest@22fcf7ab]" started-at="2025-03-11T14:16:48 IST" name="fillForm" finished-at="2025-03-11T14:16:58 IST" duration-ms="9723" status="PASS">
          <reporter-output>
          </reporter-output>
        </test-method> <!-- fillForm -->
        <test-method signature="verifyCartTotal()[pri:4, instance:com.appium.taining.ecommerce.EcommerceTest@22fcf7ab]" started-at="2025-03-11T14:16:58 IST" name="verifyCartTotal" finished-at="2025-03-11T14:17:03 IST" duration-ms="5536" status="PASS">
          <reporter-output>
          </reporter-output>
        </test-method> <!-- verifyCartTotal -->
        <test-method signature="termsAndConditions()[pri:5, instance:com.appium.taining.ecommerce.EcommerceTest@22fcf7ab]" started-at="2025-03-11T14:17:03 IST" name="termsAndConditions" finished-at="2025-03-11T14:17:08 IST" duration-ms="5031" status="PASS">
          <reporter-output>
          </reporter-output>
        </test-method> <!-- termsAndConditions -->
        <test-method signature="webViewOperations()[pri:6, instance:com.appium.taining.ecommerce.EcommerceTest@22fcf7ab]" started-at="2025-03-11T14:17:08 IST" name="webViewOperations" finished-at="2025-03-11T14:17:14 IST" duration-ms="5295" status="PASS">
          <reporter-output>
          </reporter-output>
        </test-method> <!-- webViewOperations -->
        <test-method is-config="true" signature="stopServer()[pri:0, instance:com.appium.taining.ecommerce.EcommerceTest@22fcf7ab]" started-at="2025-03-11T14:17:14 IST" name="stopServer" finished-at="2025-03-11T14:17:14 IST" duration-ms="389" status="PASS">
          <reporter-output>
          </reporter-output>
        </test-method> <!-- stopServer -->
      </class> <!-- com.appium.taining.ecommerce.EcommerceTest -->
    </test> <!-- Default test -->
  </suite> <!-- Default suite -->
</testng-results>
