<?xml version="1.0" encoding="UTF-8"?>
<!-- Generated by org.testng.reporters.JUnitXMLReporter -->
<testsuite ignored="3" hostname="Lenovo_Yoga" failures="0" tests="4" name="Default test" time="25.635" errors="0" timestamp="2025-03-11T14:17:14 IST">
  <testcase classname="com.appium.taining.ecommerce.EcommerceTest" name="fillForm" time="9.723"/>
  <testcase classname="com.appium.taining.ecommerce.EcommerceTest" name="verifyCartTotal" time="5.536"/>
  <testcase classname="com.appium.taining.ecommerce.EcommerceTest" name="termsAndConditions" time="5.031"/>
  <testcase classname="com.appium.taining.ecommerce.EcommerceTest" name="webViewOperations" time="5.295"/>
  <testcase classname="com.appium.taining.ecommerce.EcommerceTest" name="addToCart" time="0.0">
    <ignored/>
  </testcase> <!-- addToCart -->
  <testcase classname="com.appium.taining.ecommerce.EcommerceTest" name="verifyErrorMessage" time="0.0">
    <ignored/>
  </testcase> <!-- verifyErrorMessage -->
  <testcase classname="com.appium.taining.ecommerce.EcommerceTest" name="verifyCart" time="0.0">
    <ignored/>
  </testcase> <!-- verifyCart -->
</testsuite> <!-- Default test -->
